<?xml version="1.0" encoding="UTF-8"?>
<!-- Generated by org.testng.reporters.JUnitXMLReporter -->
<testsuite hostname="DESKTOP-SARCICC" ignored="0" name="AdminLoginTest" tests="2" failures="1" timestamp="30 Jan 2019 17:05:54 GMT" time="144.128" errors="0">
  <testcase name="adminLoginTest" time="92.678" classname="com.w2a.suite.admin.testcases.AdminLoginTest">
    <failure type="org.openqa.selenium.UnhandledAlertException" message="Unexpected modal dialog (text: Webcam.js Error: Could not access webcam: NotFoundError: The object can not be found here. NotFoundError: The object can not be found here.): Webcam.js Error: Could not access webcam: NotFoundError: The object can not be found here. NotFoundError: The object can not be found here.
Build info: version: &amp;apos;2.53.1&amp;apos;, revision: &amp;apos;a36b8b1&amp;apos;, time: &amp;apos;2016-06-30 17:37:03&amp;apos;
System info: host: &amp;apos;2806131df425&amp;apos;, ip: &amp;apos;172.19.0.5&amp;apos;, os.name: &amp;apos;Linux&amp;apos;, os.arch: &amp;apos;amd64&amp;apos;, os.version: &amp;apos;4.9.93-boot2docker&amp;apos;, java.version: &amp;apos;1.8.0_91&amp;apos;
Driver info: org.openqa.selenium.firefox.FirefoxDriver
Capabilities [{applicationCacheEnabled=true, rotatable=false, handlesAlerts=true, databaseEnabled=true, version=47.0.1, platform=LINUX, nativeEvents=false, acceptSslCerts=true, webStorageEnabled=true, locationContextEnabled=true, browserName=firefox, takesScreenshot=true, javascriptEnabled=true, cssSelectorsEnabled=true}]
Session ID: 020523dd-a840-476a-9ff5-66d986059693
*** Element info: {Using=xpath, value=/html/body/section/div/div/div[1]/div/div/button}: Webcam.js Error: Could not access webcam: NotFoundError: The object can not be found here. NotFoundError: The object can not be found here.
Build info: version: &amp;apos;2.53.1&amp;apos;, revision: &amp;apos;a36b8b1cd5757287168e54b817830adce9b0158d&amp;apos;, time: &amp;apos;2016-06-30 19:26:09&amp;apos;
System info: host: &amp;apos;DESKTOP-SARCICC&amp;apos;, ip: &amp;apos;169.254.225.133&amp;apos;, os.name: &amp;apos;Windows 10&amp;apos;, os.arch: &amp;apos;amd64&amp;apos;, os.version: &amp;apos;10.0&amp;apos;, java.version: &amp;apos;1.8.0_151&amp;apos;
Driver info: org.openqa.selenium.remote.RemoteWebDriver
Capabilities [{applicationCacheEnabled=true, rotatable=false, handlesAlerts=true, databaseEnabled=true, version=47.0.1, platform=LINUX, nativeEvents=false, acceptSslCerts=true, webdriver.remote.sessionid=ad4ebab8-dde9-4169-828b-0d504775d8b6, webStorageEnabled=true, locationContextEnabled=true, browserName=firefox, takesScreenshot=true, javascriptEnabled=true, cssSelectorsEnabled=true}]
Session ID: ad4ebab8-dde9-4169-828b-0d504775d8b6
*** Element info: {Using=xpath, value=/html/body/section/div/div/div[1]/div/div/button}">
      <![CDATA[org.openqa.selenium.UnhandledAlertException: Unexpected modal dialog (text: Webcam.js Error: Could not access webcam: NotFoundError: The object can not be found here. NotFoundError: The object can not be found here.): Webcam.js Error: Could not access webcam: NotFoundError: The object can not be found here. NotFoundError: The object can not be found here.
Build info: version: '2.53.1', revision: 'a36b8b1', time: '2016-06-30 17:37:03'
System info: host: '2806131df425', ip: '172.19.0.5', os.name: 'Linux', os.arch: 'amd64', os.version: '4.9.93-boot2docker', java.version: '1.8.0_91'
Driver info: org.openqa.selenium.firefox.FirefoxDriver
Capabilities [{applicationCacheEnabled=true, rotatable=false, handlesAlerts=true, databaseEnabled=true, version=47.0.1, platform=LINUX, nativeEvents=false, acceptSslCerts=true, webStorageEnabled=true, locationContextEnabled=true, browserName=firefox, takesScreenshot=true, javascriptEnabled=true, cssSelectorsEnabled=true}]
Session ID: 020523dd-a840-476a-9ff5-66d986059693
*** Element info: {Using=xpath, value=/html/body/section/div/div/div[1]/div/div/button}: Webcam.js Error: Could not access webcam: NotFoundError: The object can not be found here. NotFoundError: The object can not be found here.
Build info: version: '2.53.1', revision: 'a36b8b1cd5757287168e54b817830adce9b0158d', time: '2016-06-30 19:26:09'
System info: host: 'DESKTOP-SARCICC', ip: '169.254.225.133', os.name: 'Windows 10', os.arch: 'amd64', os.version: '10.0', java.version: '1.8.0_151'
Driver info: org.openqa.selenium.remote.RemoteWebDriver
Capabilities [{applicationCacheEnabled=true, rotatable=false, handlesAlerts=true, databaseEnabled=true, version=47.0.1, platform=LINUX, nativeEvents=false, acceptSslCerts=true, webdriver.remote.sessionid=ad4ebab8-dde9-4169-828b-0d504775d8b6, webStorageEnabled=true, locationContextEnabled=true, browserName=firefox, takesScreenshot=true, javascriptEnabled=true, cssSelectorsEnabled=true}]
Session ID: ad4ebab8-dde9-4169-828b-0d504775d8b6
*** Element info: {Using=xpath, value=/html/body/section/div/div/div[1]/div/div/button}
at org.openqa.selenium.remote.ErrorHandler.createThrowable(ErrorHandler.java:206)
at org.openqa.selenium.remote.ErrorHandler.createUnhandledAlertException(ErrorHandler.java:187)
at org.openqa.selenium.remote.ErrorHandler.throwIfResponseFailed(ErrorHandler.java:154)
at org.openqa.selenium.remote.RemoteWebDriver.execute(RemoteWebDriver.java:678)
at org.openqa.selenium.remote.RemoteWebDriver.findElement(RemoteWebDriver.java:363)
at org.openqa.selenium.remote.RemoteWebDriver.findElementByXPath(RemoteWebDriver.java:500)
at org.openqa.selenium.By$ByXPath.findElement(By.java:361)
at org.openqa.selenium.remote.RemoteWebDriver.findElement(RemoteWebDriver.java:355)
at com.w2a.datadriven.base.TestBase.isElementPresent(TestBase.java:303)
at com.w2a.suite.admin.testcases.AdminLoginTest.adminLoginTest(AdminLoginTest.java:38)
at java.util.concurrent.FutureTask.run(FutureTask.java:266)
at java.util.concurrent.Executors$RunnableAdapter.call(Executors.java:511)
at java.util.concurrent.FutureTask.run(FutureTask.java:266)
at java.util.concurrent.ThreadPoolExecutor.runWorker(ThreadPoolExecutor.java:1149)
at java.util.concurrent.ThreadPoolExecutor$Worker.run(ThreadPoolExecutor.java:624)
at java.lang.Thread.run(Thread.java:748)
... Removed 13 stack frames]]>
    </failure>
  </testcase> <!-- adminLoginTest -->
  <testcase name="adminLoginTest" time="142.134" classname="com.w2a.suite.admin.testcases.AdminLoginTest"/>
</testsuite> <!-- AdminLoginTest -->
